\BOOKMARK [1][-]{section.0}{Introduction}{}% 1
\BOOKMARK [2][-]{subsection.0.1}{Classification of methods}{section.0}% 2
\BOOKMARK [1][-]{section.1}{Conductivity}{}% 3
\BOOKMARK [2][-]{subsection.1.1}{Mechanisms of electrical conductivity}{section.1}% 4
\BOOKMARK [1][-]{section.2}{DC-resistivity method}{}% 5
\BOOKMARK [2][-]{subsection.2.1}{Basic equations of DC-resistivity}{section.2}% 6
\BOOKMARK [3][-]{subsubsection.2.1.1}{Potential of a current electrode}{subsection.2.1}% 7
\BOOKMARK [3][-]{subsubsection.2.1.2}{Potential distribution at the surface of a horizontally stratified earth \(Solution of the Laplace equation \(2.6\)\)}{subsection.2.1}% 8
\BOOKMARK [3][-]{subsubsection.2.1.3}{Derivation of a formula for the apparent resistivity}{subsection.2.1}% 9
\BOOKMARK [3][-]{subsubsection.2.1.4}{Calculation of the resistivity transform T\(\)}{subsection.2.1}% 10
\BOOKMARK [3][-]{subsubsection.2.1.5}{Solution of the Stefanescu-Integral}{subsection.2.1}% 11
\BOOKMARK [2][-]{subsection.2.2}{Principle of equivalence}{section.2}% 12
\BOOKMARK [2][-]{subsection.2.3}{Interpretation of resistivity data: Inversion}{section.2}% 13
\BOOKMARK [3][-]{subsubsection.2.3.1}{Strategies for the inversion}{subsection.2.3}% 14
\BOOKMARK [2][-]{subsection.2.4}{Solution of the 2D DC forward problem}{section.2}% 15
\BOOKMARK [1][-]{section.3}{Electromagnetic induction}{}% 16
\BOOKMARK [2][-]{subsection.3.1}{Principle of EM-induction as an example of transformer}{section.3}% 17
\BOOKMARK [2][-]{subsection.3.2}{Induction in the conductive subsurface}{section.3}% 18
\BOOKMARK [2][-]{subsection.3.3}{Basic Elements}{section.3}% 19
\BOOKMARK [3][-]{subsubsection.3.3.1}{Notation and units}{subsection.3.3}% 20
\BOOKMARK [1][-]{section.4}{Induction in 1D-Earth models}{}% 21
\BOOKMARK [2][-]{subsection.4.1}{Layered models}{section.4}% 22
